<?xml version="1.0" encoding="UTF-8"?>
<coverage generated="1529613829362" clover="3.2.0">
  <project timestamp="1529613829362" name="All files">
    <metrics statements="100" coveredstatements="92" conditionals="62" coveredconditionals="49" methods="38" coveredmethods="29" elements="200" coveredelements="170" complexity="0" loc="100" ncloc="100" packages="3" files="8" classes="8">
      <package name="app">
        <metrics statements="5" coveredstatements="3" conditionals="2" coveredconditionals="0" methods="3" coveredmethods="2"/>
        <file name="app.js" path="/Users/frankgairal/Sites/0FRANK0/webpack-stack/src/app/app.js">
          <metrics statements="2" coveredstatements="0" conditionals="2" coveredconditionals="0" methods="1" coveredmethods="0"/>
          <line num="1" count="0" type="stmt"/>
          <line num="4" count="0" type="cond" truecount="0" falsecount="2"/>
        </file>
        <file name="gairal.js" path="/Users/frankgairal/Sites/0FRANK0/webpack-stack/src/app/gairal.js">
          <metrics statements="3" coveredstatements="3" conditionals="0" coveredconditionals="0" methods="2" coveredmethods="2"/>
          <line num="8" count="1" type="stmt"/>
          <line num="10" count="1" type="stmt"/>
          <line num="19" count="2" type="stmt"/>
        </file>
      </package>
      <package name="app.components.Calculator">
        <metrics statements="57" coveredstatements="55" conditionals="32" coveredconditionals="27" methods="21" coveredmethods="13"/>
        <file name="Calculator.js" path="/Users/frankgairal/Sites/0FRANK0/webpack-stack/src/app/components/Calculator/Calculator.js">
          <metrics statements="28" coveredstatements="26" conditionals="21" coveredconditionals="17" methods="11" coveredmethods="3"/>
          <line num="6" count="2" type="stmt"/>
          <line num="8" count="2" type="stmt"/>
          <line num="9" count="2" type="stmt"/>
          <line num="13" count="1" type="stmt"/>
          <line num="17" count="1" type="stmt"/>
          <line num="19" count="1" type="stmt"/>
          <line num="20" count="16" type="stmt"/>
          <line num="21" count="16" type="stmt"/>
          <line num="23" count="16" type="cond" truecount="1" falsecount="1"/>
          <line num="24" count="16" type="cond" truecount="15" falsecount="2"/>
          <line num="35" count="10" type="stmt"/>
          <line num="36" count="10" type="stmt"/>
          <line num="38" count="1" type="stmt"/>
          <line num="39" count="1" type="stmt"/>
          <line num="41" count="1" type="stmt"/>
          <line num="42" count="1" type="stmt"/>
          <line num="44" count="1" type="stmt"/>
          <line num="45" count="1" type="stmt"/>
          <line num="47" count="1" type="stmt"/>
          <line num="48" count="1" type="stmt"/>
          <line num="50" count="1" type="stmt"/>
          <line num="51" count="1" type="stmt"/>
          <line num="53" count="1" type="stmt"/>
          <line num="54" count="1" type="stmt"/>
          <line num="59" count="16" type="cond" truecount="1" falsecount="1"/>
          <line num="60" count="16" type="stmt"/>
          <line num="61" count="0" type="stmt"/>
          <line num="62" count="0" type="stmt"/>
        </file>
        <file name="CalculatorHelper.js" path="/Users/frankgairal/Sites/0FRANK0/webpack-stack/src/app/components/Calculator/CalculatorHelper.js">
          <metrics statements="29" coveredstatements="29" conditionals="11" coveredconditionals="10" methods="10" coveredmethods="10"/>
          <line num="3" count="3" type="stmt"/>
          <line num="10" count="3" type="stmt"/>
          <line num="15" count="2" type="stmt"/>
          <line num="19" count="8" type="stmt"/>
          <line num="20" count="8" type="stmt"/>
          <line num="21" count="8" type="stmt"/>
          <line num="22" count="8" type="stmt"/>
          <line num="26" count="1" type="stmt"/>
          <line num="30" count="1" type="stmt"/>
          <line num="34" count="1" type="stmt"/>
          <line num="38" count="1" type="stmt"/>
          <line num="42" count="4" type="stmt"/>
          <line num="46" count="8" type="cond" truecount="5" falsecount="1"/>
          <line num="48" count="1" type="stmt"/>
          <line num="49" count="1" type="stmt"/>
          <line num="51" count="1" type="stmt"/>
          <line num="52" count="1" type="stmt"/>
          <line num="54" count="1" type="stmt"/>
          <line num="55" count="1" type="stmt"/>
          <line num="57" count="1" type="stmt"/>
          <line num="58" count="1" type="stmt"/>
          <line num="61" count="4" type="stmt"/>
          <line num="63" count="8" type="stmt"/>
          <line num="64" count="8" type="stmt"/>
          <line num="65" count="8" type="stmt"/>
          <line num="69" count="12" type="cond" truecount="4" falsecount="0"/>
          <line num="70" count="10" type="stmt"/>
          <line num="71" count="10" type="stmt"/>
          <line num="74" count="12" type="stmt"/>
        </file>
        <file name="index.js" path="/Users/frankgairal/Sites/0FRANK0/webpack-stack/src/app/components/Calculator/index.js">
          <metrics statements="0" coveredstatements="0" conditionals="0" coveredconditionals="0" methods="0" coveredmethods="0"/>
        </file>
      </package>
      <package name="app.core">
        <metrics statements="38" coveredstatements="34" conditionals="28" coveredconditionals="22" methods="14" coveredmethods="14"/>
        <file name="AbstractComponent.js" path="/Users/frankgairal/Sites/0FRANK0/webpack-stack/src/app/core/AbstractComponent.js">
          <metrics statements="15" coveredstatements="15" conditionals="10" coveredconditionals="10" methods="6" coveredmethods="6"/>
          <line num="3" count="8" type="stmt"/>
          <line num="4" count="8" type="stmt"/>
          <line num="8" count="11" type="cond" truecount="2" falsecount="0"/>
          <line num="10" count="10" type="stmt"/>
          <line num="11" count="10" type="cond" truecount="2" falsecount="0"/>
          <line num="14" count="9" type="stmt"/>
          <line num="15" count="9" type="cond" truecount="2" falsecount="0"/>
          <line num="17" count="7" type="stmt"/>
          <line num="27" count="9" type="stmt"/>
          <line num="28" count="9" type="cond" truecount="2" falsecount="0"/>
          <line num="30" count="9" type="cond" truecount="2" falsecount="0"/>
          <line num="31" count="9" type="stmt"/>
          <line num="36" count="7" type="stmt"/>
          <line num="37" count="7" type="stmt"/>
          <line num="38" count="7" type="stmt"/>
        </file>
        <file name="GLOBALS.js" path="/Users/frankgairal/Sites/0FRANK0/webpack-stack/src/app/core/GLOBALS.js">
          <metrics statements="0" coveredstatements="0" conditionals="2" coveredconditionals="1" methods="0" coveredmethods="0"/>
        </file>
        <file name="Logger.js" path="/Users/frankgairal/Sites/0FRANK0/webpack-stack/src/app/core/Logger.js">
          <metrics statements="23" coveredstatements="19" conditionals="16" coveredconditionals="11" methods="8" coveredmethods="8"/>
          <line num="3" count="4" type="cond" truecount="1" falsecount="1"/>
          <line num="7" count="24" type="stmt"/>
          <line num="16" count="19" type="stmt"/>
          <line num="21" count="4" type="cond" truecount="2" falsecount="0"/>
          <line num="22" count="1" type="stmt"/>
          <line num="23" count="1" type="stmt"/>
          <line num="25" count="3" type="stmt"/>
          <line num="29" count="4" type="cond" truecount="2" falsecount="0"/>
          <line num="30" count="2" type="cond" truecount="1" falsecount="1"/>
          <line num="31" count="0" type="stmt"/>
          <line num="32" count="2" type="stmt"/>
          <line num="34" count="2" type="stmt"/>
          <line num="38" count="4" type="cond" truecount="2" falsecount="0"/>
          <line num="39" count="3" type="cond" truecount="1" falsecount="1"/>
          <line num="40" count="0" type="stmt"/>
          <line num="41" count="3" type="stmt"/>
          <line num="43" count="1" type="stmt"/>
          <line num="47" count="7" type="cond" truecount="1" falsecount="1"/>
          <line num="48" count="7" type="cond" truecount="1" falsecount="1"/>
          <line num="49" count="0" type="stmt"/>
          <line num="50" count="7" type="stmt"/>
          <line num="52" count="0" type="stmt"/>
          <line num="58" count="2" type="stmt"/>
        </file>
      </package>
    </metrics>
  </project>
</coverage>
