{"/Users/frankgairal/Sites/0FRANK0/webpack-stack/src/app/app.js": {"path":"/Users/frankgairal/Sites/0FRANK0/webpack-stack/src/app/app.js","statementMap":{"0":{"start":{"line":1,"column":0},"end":{"line":null,"column":-1}},"1":{"start":{"line":4,"column":0},"end":{"line":null,"column":-1}},"2":{"start":{"line":4,"column":1},"end":{"line":null,"column":-1}}},"fnMap":{"0":{"name":"(anonymous_1)","decl":{"start":{"line":4,"column":1},"end":{"line":4,"column":1}},"loc":{"start":{"line":4,"column":1},"end":{"line":4,"column":0}}}},"branchMap":{"0":{"loc":{"start":{"line":4,"column":40},"end":{"line":4,"column":11}},"type":"cond-expr","locations":[{"start":{"line":4,"column":40},"end":{"line":4,"column":11}},{"start":{"line":4,"column":84},"end":{"line":4,"column":1}}]}},"s":{"0":0,"1":0,"2":0},"f":{"0":0},"b":{"0":[0,0]}}
,"/Users/frankgairal/Sites/0FRANK0/webpack-stack/src/app/gairal.js": {"path":"/Users/frankgairal/Sites/0FRANK0/webpack-stack/src/app/gairal.js","statementMap":{"0":{"start":{"line":8,"column":13},"end":{"line":20,"column":1}},"1":{"start":{"line":10,"column":2},"end":{"line":19,"column":68}},"2":{"start":{"line":19,"column":21},"end":{"line":19,"column":64}}},"fnMap":{"0":{"name":"(anonymous_0)","decl":{"start":{"line":8,"column":13},"end":{"line":8,"column":14}},"loc":{"start":{"line":8,"column":19},"end":{"line":20,"column":1}},"line":8},"1":{"name":"(anonymous_1)","decl":{"start":{"line":19,"column":12},"end":{"line":19,"column":13}},"loc":{"start":{"line":19,"column":19},"end":{"line":19,"column":66}},"line":19}},"branchMap":{},"s":{"0":1,"1":1,"2":2},"f":{"0":1,"1":2},"b":{},"_coverageSchema":"332fd63041d2c1bcb487cc26dd0d5f7d97098a6c","hash":"43dc1e0184d1cffe7cdbaa80b667a28aa690a652"}
,"/Users/frankgairal/Sites/0FRANK0/webpack-stack/src/app/components/Calculator/Calculator.js": {"path":"/Users/frankgairal/Sites/0FRANK0/webpack-stack/src/app/components/Calculator/Calculator.js","statementMap":{"0":{"start":{"line":6,"column":4},"end":{"line":6,"column":51}},"1":{"start":{"line":8,"column":4},"end":{"line":8,"column":48}},"2":{"start":{"line":9,"column":4},"end":{"line":9,"column":51}},"3":{"start":{"line":13,"column":4},"end":{"line":13,"column":56}},"4":{"start":{"line":17,"column":20},"end":{"line":17,"column":59}},"5":{"start":{"line":19,"column":4},"end":{"line":66,"column":5}},"6":{"start":{"line":20,"column":18},"end":{"line":20,"column":28}},"7":{"start":{"line":21,"column":18},"end":{"line":21,"column":53}},"8":{"start":{"line":23,"column":6},"end":{"line":65,"column":7}},"9":{"start":{"line":24,"column":8},"end":{"line":57,"column":9}},"10":{"start":{"line":35,"column":12},"end":{"line":35,"column":66}},"11":{"start":{"line":35,"column":29},"end":{"line":35,"column":63}},"12":{"start":{"line":36,"column":12},"end":{"line":36,"column":18}},"13":{"start":{"line":38,"column":12},"end":{"line":38,"column":60}},"14":{"start":{"line":38,"column":29},"end":{"line":38,"column":57}},"15":{"start":{"line":39,"column":12},"end":{"line":39,"column":18}},"16":{"start":{"line":41,"column":12},"end":{"line":41,"column":63}},"17":{"start":{"line":41,"column":29},"end":{"line":41,"column":60}},"18":{"start":{"line":42,"column":12},"end":{"line":42,"column":18}},"19":{"start":{"line":44,"column":12},"end":{"line":44,"column":63}},"20":{"start":{"line":44,"column":29},"end":{"line":44,"column":60}},"21":{"start":{"line":45,"column":12},"end":{"line":45,"column":18}},"22":{"start":{"line":47,"column":12},"end":{"line":47,"column":65}},"23":{"start":{"line":47,"column":29},"end":{"line":47,"column":62}},"24":{"start":{"line":48,"column":12},"end":{"line":48,"column":18}},"25":{"start":{"line":50,"column":12},"end":{"line":50,"column":62}},"26":{"start":{"line":50,"column":29},"end":{"line":50,"column":59}},"27":{"start":{"line":51,"column":12},"end":{"line":51,"column":18}},"28":{"start":{"line":53,"column":12},"end":{"line":53,"column":62}},"29":{"start":{"line":53,"column":29},"end":{"line":53,"column":59}},"30":{"start":{"line":54,"column":12},"end":{"line":54,"column":18}},"31":{"start":{"line":59,"column":8},"end":{"line":64,"column":9}},"32":{"start":{"line":60,"column":10},"end":{"line":63,"column":13}},"33":{"start":{"line":61,"column":12},"end":{"line":61,"column":21}},"34":{"start":{"line":62,"column":12},"end":{"line":62,"column":26}}},"fnMap":{"0":{"name":"(anonymous_0)","decl":{"start":{"line":5,"column":2},"end":{"line":5,"column":3}},"loc":{"start":{"line":5,"column":23},"end":{"line":10,"column":3}},"line":5},"1":{"name":"(anonymous_1)","decl":{"start":{"line":12,"column":2},"end":{"line":12,"column":3}},"loc":{"start":{"line":12,"column":11},"end":{"line":14,"column":3}},"line":12},"2":{"name":"(anonymous_2)","decl":{"start":{"line":16,"column":2},"end":{"line":16,"column":3}},"loc":{"start":{"line":16,"column":11},"end":{"line":67,"column":3}},"line":16},"3":{"name":"(anonymous_3)","decl":{"start":{"line":35,"column":21},"end":{"line":35,"column":22}},"loc":{"start":{"line":35,"column":27},"end":{"line":35,"column":65}},"line":35},"4":{"name":"(anonymous_4)","decl":{"start":{"line":38,"column":21},"end":{"line":38,"column":22}},"loc":{"start":{"line":38,"column":27},"end":{"line":38,"column":59}},"line":38},"5":{"name":"(anonymous_5)","decl":{"start":{"line":41,"column":21},"end":{"line":41,"column":22}},"loc":{"start":{"line":41,"column":27},"end":{"line":41,"column":62}},"line":41},"6":{"name":"(anonymous_6)","decl":{"start":{"line":44,"column":21},"end":{"line":44,"column":22}},"loc":{"start":{"line":44,"column":27},"end":{"line":44,"column":62}},"line":44},"7":{"name":"(anonymous_7)","decl":{"start":{"line":47,"column":21},"end":{"line":47,"column":22}},"loc":{"start":{"line":47,"column":27},"end":{"line":47,"column":64}},"line":47},"8":{"name":"(anonymous_8)","decl":{"start":{"line":50,"column":21},"end":{"line":50,"column":22}},"loc":{"start":{"line":50,"column":27},"end":{"line":50,"column":61}},"line":50},"9":{"name":"(anonymous_9)","decl":{"start":{"line":53,"column":21},"end":{"line":53,"column":22}},"loc":{"start":{"line":53,"column":27},"end":{"line":53,"column":61}},"line":53},"10":{"name":"(anonymous_10)","decl":{"start":{"line":60,"column":40},"end":{"line":60,"column":41}},"loc":{"start":{"line":60,"column":46},"end":{"line":63,"column":11}},"line":60}},"branchMap":{"0":{"loc":{"start":{"line":23,"column":6},"end":{"line":65,"column":7}},"type":"if","locations":[{"start":{"line":23,"column":6},"end":{"line":65,"column":7}},{"start":{"line":23,"column":6},"end":{"line":65,"column":7}}],"line":23},"1":{"loc":{"start":{"line":24,"column":8},"end":{"line":57,"column":9}},"type":"switch","locations":[{"start":{"line":25,"column":10},"end":{"line":25,"column":19}},{"start":{"line":26,"column":10},"end":{"line":26,"column":19}},{"start":{"line":27,"column":10},"end":{"line":27,"column":19}},{"start":{"line":28,"column":10},"end":{"line":28,"column":19}},{"start":{"line":29,"column":10},"end":{"line":29,"column":19}},{"start":{"line":30,"column":10},"end":{"line":30,"column":19}},{"start":{"line":31,"column":10},"end":{"line":31,"column":19}},{"start":{"line":32,"column":10},"end":{"line":32,"column":19}},{"start":{"line":33,"column":10},"end":{"line":33,"column":19}},{"start":{"line":34,"column":10},"end":{"line":36,"column":18}},{"start":{"line":37,"column":10},"end":{"line":39,"column":18}},{"start":{"line":40,"column":10},"end":{"line":42,"column":18}},{"start":{"line":43,"column":10},"end":{"line":45,"column":18}},{"start":{"line":46,"column":10},"end":{"line":48,"column":18}},{"start":{"line":49,"column":10},"end":{"line":51,"column":18}},{"start":{"line":52,"column":10},"end":{"line":54,"column":18}},{"start":{"line":55,"column":10},"end":{"line":55,"column":18}}],"line":24},"2":{"loc":{"start":{"line":59,"column":8},"end":{"line":64,"column":9}},"type":"if","locations":[{"start":{"line":59,"column":8},"end":{"line":64,"column":9}},{"start":{"line":59,"column":8},"end":{"line":64,"column":9}}],"line":59}},"s":{"0":2,"1":2,"2":2,"3":1,"4":1,"5":1,"6":16,"7":16,"8":16,"9":16,"10":10,"11":0,"12":10,"13":1,"14":0,"15":1,"16":1,"17":0,"18":1,"19":1,"20":0,"21":1,"22":1,"23":0,"24":1,"25":1,"26":0,"27":1,"28":1,"29":0,"30":1,"31":16,"32":16,"33":0,"34":0},"f":{"0":2,"1":1,"2":1,"3":0,"4":0,"5":0,"6":0,"7":0,"8":0,"9":0,"10":0},"b":{"0":[16,0],"1":[0,2,3,4,5,6,7,8,9,10,1,1,1,1,1,1,0],"2":[16,0]},"_coverageSchema":"332fd63041d2c1bcb487cc26dd0d5f7d97098a6c","hash":"36b9698e4c386b6424529d636bf98e0920f51664"}
,"/Users/frankgairal/Sites/0FRANK0/webpack-stack/src/app/components/Calculator/CalculatorHelper.js": {"path":"/Users/frankgairal/Sites/0FRANK0/webpack-stack/src/app/components/Calculator/CalculatorHelper.js","statementMap":{"0":{"start":{"line":3,"column":4},"end":{"line":9,"column":6}},"1":{"start":{"line":10,"column":4},"end":{"line":10,"column":17}},"2":{"start":{"line":15,"column":4},"end":{"line":15,"column":24}},"3":{"start":{"line":19,"column":4},"end":{"line":19,"column":23}},"4":{"start":{"line":20,"column":4},"end":{"line":20,"column":24}},"5":{"start":{"line":21,"column":4},"end":{"line":21,"column":24}},"6":{"start":{"line":22,"column":4},"end":{"line":22,"column":22}},"7":{"start":{"line":26,"column":4},"end":{"line":26,"column":40}},"8":{"start":{"line":30,"column":4},"end":{"line":30,"column":43}},"9":{"start":{"line":34,"column":4},"end":{"line":34,"column":45}},"10":{"start":{"line":38,"column":4},"end":{"line":38,"column":43}},"11":{"start":{"line":42,"column":4},"end":{"line":42,"column":21}},"12":{"start":{"line":46,"column":4},"end":{"line":62,"column":5}},"13":{"start":{"line":48,"column":8},"end":{"line":48,"column":49}},"14":{"start":{"line":49,"column":8},"end":{"line":49,"column":14}},"15":{"start":{"line":51,"column":8},"end":{"line":51,"column":49}},"16":{"start":{"line":52,"column":8},"end":{"line":52,"column":14}},"17":{"start":{"line":54,"column":8},"end":{"line":54,"column":49}},"18":{"start":{"line":55,"column":8},"end":{"line":55,"column":14}},"19":{"start":{"line":57,"column":8},"end":{"line":57,"column":49}},"20":{"start":{"line":58,"column":8},"end":{"line":58,"column":14}},"21":{"start":{"line":61,"column":8},"end":{"line":61,"column":35}},"22":{"start":{"line":63,"column":4},"end":{"line":63,"column":23}},"23":{"start":{"line":64,"column":4},"end":{"line":64,"column":31}},"24":{"start":{"line":65,"column":4},"end":{"line":65,"column":21}},"25":{"start":{"line":69,"column":4},"end":{"line":72,"column":5}},"26":{"start":{"line":70,"column":6},"end":{"line":70,"column":23}},"27":{"start":{"line":71,"column":6},"end":{"line":71,"column":24}},"28":{"start":{"line":74,"column":4},"end":{"line":74,"column":57}}},"fnMap":{"0":{"name":"(anonymous_0)","decl":{"start":{"line":2,"column":2},"end":{"line":2,"column":3}},"loc":{"start":{"line":2,"column":16},"end":{"line":11,"column":3}},"line":2},"1":{"name":"(anonymous_1)","decl":{"start":{"line":14,"column":2},"end":{"line":14,"column":3}},"loc":{"start":{"line":14,"column":19},"end":{"line":16,"column":3}},"line":14},"2":{"name":"(anonymous_2)","decl":{"start":{"line":18,"column":2},"end":{"line":18,"column":3}},"loc":{"start":{"line":18,"column":10},"end":{"line":23,"column":3}},"line":18},"3":{"name":"(anonymous_3)","decl":{"start":{"line":25,"column":2},"end":{"line":25,"column":3}},"loc":{"start":{"line":25,"column":8},"end":{"line":27,"column":3}},"line":25},"4":{"name":"(anonymous_4)","decl":{"start":{"line":29,"column":2},"end":{"line":29,"column":3}},"loc":{"start":{"line":29,"column":11},"end":{"line":31,"column":3}},"line":29},"5":{"name":"(anonymous_5)","decl":{"start":{"line":33,"column":2},"end":{"line":33,"column":3}},"loc":{"start":{"line":33,"column":13},"end":{"line":35,"column":3}},"line":33},"6":{"name":"(anonymous_6)","decl":{"start":{"line":37,"column":2},"end":{"line":37,"column":3}},"loc":{"start":{"line":37,"column":11},"end":{"line":39,"column":3}},"line":37},"7":{"name":"(anonymous_7)","decl":{"start":{"line":41,"column":2},"end":{"line":41,"column":3}},"loc":{"start":{"line":41,"column":10},"end":{"line":43,"column":3}},"line":41},"8":{"name":"(anonymous_8)","decl":{"start":{"line":45,"column":2},"end":{"line":45,"column":3}},"loc":{"start":{"line":45,"column":41},"end":{"line":66,"column":3}},"line":45},"9":{"name":"(anonymous_9)","decl":{"start":{"line":68,"column":2},"end":{"line":68,"column":3}},"loc":{"start":{"line":68,"column":13},"end":{"line":75,"column":3}},"line":68}},"branchMap":{"0":{"loc":{"start":{"line":45,"column":12},"end":{"line":45,"column":39}},"type":"default-arg","locations":[{"start":{"line":45,"column":18},"end":{"line":45,"column":39}}],"line":45},"1":{"loc":{"start":{"line":46,"column":4},"end":{"line":62,"column":5}},"type":"switch","locations":[{"start":{"line":47,"column":6},"end":{"line":49,"column":14}},{"start":{"line":50,"column":6},"end":{"line":52,"column":14}},{"start":{"line":53,"column":6},"end":{"line":55,"column":14}},{"start":{"line":56,"column":6},"end":{"line":58,"column":14}},{"start":{"line":59,"column":6},"end":{"line":59,"column":33}},{"start":{"line":60,"column":6},"end":{"line":61,"column":35}}],"line":46},"2":{"loc":{"start":{"line":69,"column":4},"end":{"line":72,"column":5}},"type":"if","locations":[{"start":{"line":69,"column":4},"end":{"line":72,"column":5}},{"start":{"line":69,"column":4},"end":{"line":72,"column":5}}],"line":69},"3":{"loc":{"start":{"line":69,"column":8},"end":{"line":69,"column":34}},"type":"binary-expr","locations":[{"start":{"line":69,"column":8},"end":{"line":69,"column":21}},{"start":{"line":69,"column":25},"end":{"line":69,"column":34}}],"line":69}},"s":{"0":3,"1":3,"2":2,"3":8,"4":8,"5":8,"6":8,"7":1,"8":1,"9":1,"10":1,"11":4,"12":8,"13":1,"14":1,"15":1,"16":1,"17":1,"18":1,"19":1,"20":1,"21":4,"22":8,"23":8,"24":8,"25":12,"26":10,"27":10,"28":12},"f":{"0":3,"1":2,"2":8,"3":1,"4":1,"5":1,"6":1,"7":4,"8":8,"9":12},"b":{"0":[4],"1":[1,1,1,1,0,4],"2":[10,2],"3":[12,6]},"_coverageSchema":"332fd63041d2c1bcb487cc26dd0d5f7d97098a6c","hash":"bccb9d30b78f8fc2db1c7e97779bc9488abae411"}
,"/Users/frankgairal/Sites/0FRANK0/webpack-stack/src/app/components/Calculator/index.js": {"path":"/Users/frankgairal/Sites/0FRANK0/webpack-stack/src/app/components/Calculator/index.js","statementMap":{},"fnMap":{},"branchMap":{},"s":{},"f":{},"b":{},"_coverageSchema":"332fd63041d2c1bcb487cc26dd0d5f7d97098a6c","hash":"cd8e0abd6d22b43bad8201645ebf1448277a967b"}
,"/Users/frankgairal/Sites/0FRANK0/webpack-stack/src/app/core/AbstractComponent.js": {"path":"/Users/frankgairal/Sites/0FRANK0/webpack-stack/src/app/core/AbstractComponent.js","statementMap":{"0":{"start":{"line":3,"column":4},"end":{"line":3,"column":21}},"1":{"start":{"line":4,"column":4},"end":{"line":4,"column":33}},"2":{"start":{"line":8,"column":4},"end":{"line":8,"column":33}},"3":{"start":{"line":8,"column":20},"end":{"line":8,"column":33}},"4":{"start":{"line":10,"column":26},"end":{"line":10,"column":35}},"5":{"start":{"line":11,"column":4},"end":{"line":11,"column":33}},"6":{"start":{"line":11,"column":20},"end":{"line":11,"column":33}},"7":{"start":{"line":14,"column":4},"end":{"line":14,"column":84}},"8":{"start":{"line":15,"column":4},"end":{"line":15,"column":40}},"9":{"start":{"line":15,"column":27},"end":{"line":15,"column":40}},"10":{"start":{"line":17,"column":4},"end":{"line":17,"column":16}},"11":{"start":{"line":27,"column":4},"end":{"line":32,"column":7}},"12":{"start":{"line":28,"column":6},"end":{"line":28,"column":70}},"13":{"start":{"line":28,"column":24},"end":{"line":28,"column":70}},"14":{"start":{"line":30,"column":6},"end":{"line":30,"column":37}},"15":{"start":{"line":30,"column":23},"end":{"line":30,"column":37}},"16":{"start":{"line":31,"column":6},"end":{"line":31,"column":20}},"17":{"start":{"line":36,"column":22},"end":{"line":36,"column":45}},"18":{"start":{"line":37,"column":4},"end":{"line":37,"column":63}},"19":{"start":{"line":37,"column":34},"end":{"line":37,"column":61}},"20":{"start":{"line":38,"column":4},"end":{"line":38,"column":21}}},"fnMap":{"0":{"name":"(anonymous_0)","decl":{"start":{"line":2,"column":2},"end":{"line":2,"column":3}},"loc":{"start":{"line":2,"column":29},"end":{"line":5,"column":3}},"line":2},"1":{"name":"(anonymous_1)","decl":{"start":{"line":7,"column":2},"end":{"line":7,"column":3}},"loc":{"start":{"line":7,"column":15},"end":{"line":18,"column":3}},"line":7},"2":{"name":"(anonymous_2)","decl":{"start":{"line":26,"column":2},"end":{"line":26,"column":3}},"loc":{"start":{"line":26,"column":9},"end":{"line":33,"column":3}},"line":26},"3":{"name":"(anonymous_3)","decl":{"start":{"line":27,"column":23},"end":{"line":27,"column":24}},"loc":{"start":{"line":27,"column":44},"end":{"line":32,"column":5}},"line":27},"4":{"name":"(anonymous_4)","decl":{"start":{"line":35,"column":2},"end":{"line":35,"column":3}},"loc":{"start":{"line":35,"column":32},"end":{"line":39,"column":3}},"line":35},"5":{"name":"(anonymous_5)","decl":{"start":{"line":37,"column":27},"end":{"line":37,"column":28}},"loc":{"start":{"line":37,"column":34},"end":{"line":37,"column":61}},"line":37}},"branchMap":{"0":{"loc":{"start":{"line":8,"column":4},"end":{"line":8,"column":33}},"type":"if","locations":[{"start":{"line":8,"column":4},"end":{"line":8,"column":33}},{"start":{"line":8,"column":4},"end":{"line":8,"column":33}}],"line":8},"1":{"loc":{"start":{"line":11,"column":4},"end":{"line":11,"column":33}},"type":"if","locations":[{"start":{"line":11,"column":4},"end":{"line":11,"column":33}},{"start":{"line":11,"column":4},"end":{"line":11,"column":33}}],"line":11},"2":{"loc":{"start":{"line":15,"column":4},"end":{"line":15,"column":40}},"type":"if","locations":[{"start":{"line":15,"column":4},"end":{"line":15,"column":40}},{"start":{"line":15,"column":4},"end":{"line":15,"column":40}}],"line":15},"3":{"loc":{"start":{"line":28,"column":6},"end":{"line":28,"column":70}},"type":"if","locations":[{"start":{"line":28,"column":6},"end":{"line":28,"column":70}},{"start":{"line":28,"column":6},"end":{"line":28,"column":70}}],"line":28},"4":{"loc":{"start":{"line":30,"column":6},"end":{"line":30,"column":37}},"type":"if","locations":[{"start":{"line":30,"column":6},"end":{"line":30,"column":37}},{"start":{"line":30,"column":6},"end":{"line":30,"column":37}}],"line":30}},"s":{"0":8,"1":8,"2":11,"3":1,"4":10,"5":10,"6":1,"7":9,"8":9,"9":2,"10":7,"11":9,"12":9,"13":3,"14":9,"15":2,"16":9,"17":7,"18":7,"19":3,"20":7},"f":{"0":8,"1":11,"2":9,"3":9,"4":7,"5":3},"b":{"0":[1,10],"1":[1,9],"2":[2,7],"3":[3,6],"4":[2,7]},"_coverageSchema":"332fd63041d2c1bcb487cc26dd0d5f7d97098a6c","hash":"4495a14c276b299502469c1653ef47e4e695e07a"}
,"/Users/frankgairal/Sites/0FRANK0/webpack-stack/src/app/core/GLOBALS.js": {"path":"/Users/frankgairal/Sites/0FRANK0/webpack-stack/src/app/core/GLOBALS.js","statementMap":{},"fnMap":{},"branchMap":{"0":{"loc":{"start":{"line":4,"column":12},"end":{"line":4,"column":77}},"type":"cond-expr","locations":[{"start":{"line":4,"column":47},"end":{"line":4,"column":56}},{"start":{"line":4,"column":59},"end":{"line":4,"column":77}}],"line":4}},"s":{},"f":{},"b":{"0":[0,1]},"_coverageSchema":"332fd63041d2c1bcb487cc26dd0d5f7d97098a6c","hash":"2493f1160c8b4677d79ec582133ddcd237c9ed86"}
,"/Users/frankgairal/Sites/0FRANK0/webpack-stack/src/app/core/Logger.js": {"path":"/Users/frankgairal/Sites/0FRANK0/webpack-stack/src/app/core/Logger.js","statementMap":{"0":{"start":{"line":3,"column":4},"end":{"line":3,"column":66}},"1":{"start":{"line":7,"column":4},"end":{"line":12,"column":6}},"2":{"start":{"line":16,"column":4},"end":{"line":16,"column":31}},"3":{"start":{"line":21,"column":4},"end":{"line":24,"column":5}},"4":{"start":{"line":22,"column":6},"end":{"line":22,"column":39}},"5":{"start":{"line":23,"column":6},"end":{"line":23,"column":18}},"6":{"start":{"line":25,"column":4},"end":{"line":25,"column":17}},"7":{"start":{"line":29,"column":4},"end":{"line":33,"column":5}},"8":{"start":{"line":30,"column":6},"end":{"line":31,"column":41}},"9":{"start":{"line":30,"column":24},"end":{"line":30,"column":55}},"10":{"start":{"line":31,"column":11},"end":{"line":31,"column":41}},"11":{"start":{"line":32,"column":6},"end":{"line":32,"column":18}},"12":{"start":{"line":34,"column":4},"end":{"line":34,"column":17}},"13":{"start":{"line":38,"column":4},"end":{"line":42,"column":5}},"14":{"start":{"line":39,"column":6},"end":{"line":40,"column":41}},"15":{"start":{"line":39,"column":24},"end":{"line":39,"column":55}},"16":{"start":{"line":40,"column":11},"end":{"line":40,"column":41}},"17":{"start":{"line":41,"column":6},"end":{"line":41,"column":18}},"18":{"start":{"line":43,"column":4},"end":{"line":43,"column":17}},"19":{"start":{"line":47,"column":4},"end":{"line":51,"column":5}},"20":{"start":{"line":48,"column":6},"end":{"line":49,"column":42}},"21":{"start":{"line":48,"column":25},"end":{"line":48,"column":58}},"22":{"start":{"line":49,"column":11},"end":{"line":49,"column":42}},"23":{"start":{"line":50,"column":6},"end":{"line":50,"column":18}},"24":{"start":{"line":52,"column":4},"end":{"line":52,"column":17}},"25":{"start":{"line":58,"column":4},"end":{"line":58,"column":31}}},"fnMap":{"0":{"name":"(anonymous_0)","decl":{"start":{"line":2,"column":2},"end":{"line":2,"column":3}},"loc":{"start":{"line":2,"column":23},"end":{"line":4,"column":3}},"line":2},"1":{"name":"(anonymous_1)","decl":{"start":{"line":6,"column":2},"end":{"line":6,"column":3}},"loc":{"start":{"line":6,"column":22},"end":{"line":13,"column":3}},"line":6},"2":{"name":"(anonymous_2)","decl":{"start":{"line":15,"column":2},"end":{"line":15,"column":3}},"loc":{"start":{"line":15,"column":20},"end":{"line":17,"column":3}},"line":15},"3":{"name":"(anonymous_3)","decl":{"start":{"line":20,"column":2},"end":{"line":20,"column":3}},"loc":{"start":{"line":20,"column":17},"end":{"line":26,"column":3}},"line":20},"4":{"name":"(anonymous_4)","decl":{"start":{"line":28,"column":2},"end":{"line":28,"column":3}},"loc":{"start":{"line":28,"column":16},"end":{"line":35,"column":3}},"line":28},"5":{"name":"(anonymous_5)","decl":{"start":{"line":37,"column":2},"end":{"line":37,"column":3}},"loc":{"start":{"line":37,"column":16},"end":{"line":44,"column":3}},"line":37},"6":{"name":"(anonymous_6)","decl":{"start":{"line":46,"column":2},"end":{"line":46,"column":3}},"loc":{"start":{"line":46,"column":17},"end":{"line":53,"column":3}},"line":46},"7":{"name":"(anonymous_7)","decl":{"start":{"line":57,"column":2},"end":{"line":57,"column":3}},"loc":{"start":{"line":57,"column":26},"end":{"line":59,"column":3}},"line":57}},"branchMap":{"0":{"loc":{"start":{"line":3,"column":17},"end":{"line":3,"column":65}},"type":"cond-expr","locations":[{"start":{"line":3,"column":27},"end":{"line":3,"column":43}},{"start":{"line":3,"column":46},"end":{"line":3,"column":65}}],"line":3},"1":{"loc":{"start":{"line":21,"column":4},"end":{"line":24,"column":5}},"type":"if","locations":[{"start":{"line":21,"column":4},"end":{"line":24,"column":5}},{"start":{"line":21,"column":4},"end":{"line":24,"column":5}}],"line":21},"2":{"loc":{"start":{"line":29,"column":4},"end":{"line":33,"column":5}},"type":"if","locations":[{"start":{"line":29,"column":4},"end":{"line":33,"column":5}},{"start":{"line":29,"column":4},"end":{"line":33,"column":5}}],"line":29},"3":{"loc":{"start":{"line":30,"column":6},"end":{"line":31,"column":41}},"type":"if","locations":[{"start":{"line":30,"column":6},"end":{"line":31,"column":41}},{"start":{"line":30,"column":6},"end":{"line":31,"column":41}}],"line":30},"4":{"loc":{"start":{"line":38,"column":4},"end":{"line":42,"column":5}},"type":"if","locations":[{"start":{"line":38,"column":4},"end":{"line":42,"column":5}},{"start":{"line":38,"column":4},"end":{"line":42,"column":5}}],"line":38},"5":{"loc":{"start":{"line":39,"column":6},"end":{"line":40,"column":41}},"type":"if","locations":[{"start":{"line":39,"column":6},"end":{"line":40,"column":41}},{"start":{"line":39,"column":6},"end":{"line":40,"column":41}}],"line":39},"6":{"loc":{"start":{"line":47,"column":4},"end":{"line":51,"column":5}},"type":"if","locations":[{"start":{"line":47,"column":4},"end":{"line":51,"column":5}},{"start":{"line":47,"column":4},"end":{"line":51,"column":5}}],"line":47},"7":{"loc":{"start":{"line":48,"column":6},"end":{"line":49,"column":42}},"type":"if","locations":[{"start":{"line":48,"column":6},"end":{"line":49,"column":42}},{"start":{"line":48,"column":6},"end":{"line":49,"column":42}}],"line":48}},"s":{"0":4,"1":24,"2":19,"3":4,"4":1,"5":1,"6":3,"7":4,"8":2,"9":2,"10":0,"11":2,"12":2,"13":4,"14":3,"15":3,"16":0,"17":3,"18":1,"19":7,"20":7,"21":7,"22":0,"23":7,"24":0,"25":2},"f":{"0":4,"1":24,"2":19,"3":4,"4":4,"5":4,"6":7,"7":2},"b":{"0":[4,0],"1":[1,3],"2":[2,2],"3":[2,0],"4":[3,1],"5":[3,0],"6":[7,0],"7":[7,0]},"_coverageSchema":"332fd63041d2c1bcb487cc26dd0d5f7d97098a6c","hash":"4b77b0a9a61d5bab615c3168c6087eb9f00eb74d"}
}
