TN:
SF:/Users/frankgairal/Sites/0FRANK0/webpack-stack/src/app/app.js
FN:4,(anonymous_1)
FNF:1
FNH:0
FNDA:0,(anonymous_1)
DA:1,0
DA:4,0
LF:2
LH:0
BRDA:4,0,0,0
BRDA:4,0,1,0
BRF:2
BRH:0
end_of_record
TN:
SF:/Users/frankgairal/Sites/0FRANK0/webpack-stack/src/app/gairal.js
FN:8,(anonymous_0)
FN:19,(anonymous_1)
FNF:2
FNH:2
FNDA:1,(anonymous_0)
FNDA:2,(anonymous_1)
DA:8,1
DA:10,1
DA:19,2
LF:3
LH:3
BRF:0
BRH:0
end_of_record
TN:
SF:/Users/frankgairal/Sites/0FRANK0/webpack-stack/src/app/components/Calculator/Calculator.js
FN:5,(anonymous_0)
FN:12,(anonymous_1)
FN:16,(anonymous_2)
FN:35,(anonymous_3)
FN:38,(anonymous_4)
FN:41,(anonymous_5)
FN:44,(anonymous_6)
FN:47,(anonymous_7)
FN:50,(anonymous_8)
FN:53,(anonymous_9)
FN:60,(anonymous_10)
FNF:11
FNH:3
FNDA:2,(anonymous_0)
FNDA:1,(anonymous_1)
FNDA:1,(anonymous_2)
FNDA:0,(anonymous_3)
FNDA:0,(anonymous_4)
FNDA:0,(anonymous_5)
FNDA:0,(anonymous_6)
FNDA:0,(anonymous_7)
FNDA:0,(anonymous_8)
FNDA:0,(anonymous_9)
FNDA:0,(anonymous_10)
DA:6,2
DA:8,2
DA:9,2
DA:13,1
DA:17,1
DA:19,1
DA:20,16
DA:21,16
DA:23,16
DA:24,16
DA:35,10
DA:36,10
DA:38,1
DA:39,1
DA:41,1
DA:42,1
DA:44,1
DA:45,1
DA:47,1
DA:48,1
DA:50,1
DA:51,1
DA:53,1
DA:54,1
DA:59,16
DA:60,16
DA:61,0
DA:62,0
LF:28
LH:26
BRDA:23,0,0,16
BRDA:23,0,1,0
BRDA:24,1,0,0
BRDA:24,1,1,2
BRDA:24,1,2,3
BRDA:24,1,3,4
BRDA:24,1,4,5
BRDA:24,1,5,6
BRDA:24,1,6,7
BRDA:24,1,7,8
BRDA:24,1,8,9
BRDA:24,1,9,10
BRDA:24,1,10,1
BRDA:24,1,11,1
BRDA:24,1,12,1
BRDA:24,1,13,1
BRDA:24,1,14,1
BRDA:24,1,15,1
BRDA:24,1,16,0
BRDA:59,2,0,16
BRDA:59,2,1,0
BRF:21
BRH:17
end_of_record
TN:
SF:/Users/frankgairal/Sites/0FRANK0/webpack-stack/src/app/components/Calculator/CalculatorHelper.js
FN:2,(anonymous_0)
FN:14,(anonymous_1)
FN:18,(anonymous_2)
FN:25,(anonymous_3)
FN:29,(anonymous_4)
FN:33,(anonymous_5)
FN:37,(anonymous_6)
FN:41,(anonymous_7)
FN:45,(anonymous_8)
FN:68,(anonymous_9)
FNF:10
FNH:10
FNDA:3,(anonymous_0)
FNDA:2,(anonymous_1)
FNDA:8,(anonymous_2)
FNDA:1,(anonymous_3)
FNDA:1,(anonymous_4)
FNDA:1,(anonymous_5)
FNDA:1,(anonymous_6)
FNDA:4,(anonymous_7)
FNDA:8,(anonymous_8)
FNDA:12,(anonymous_9)
DA:3,3
DA:10,3
DA:15,2
DA:19,8
DA:20,8
DA:21,8
DA:22,8
DA:26,1
DA:30,1
DA:34,1
DA:38,1
DA:42,4
DA:46,8
DA:48,1
DA:49,1
DA:51,1
DA:52,1
DA:54,1
DA:55,1
DA:57,1
DA:58,1
DA:61,4
DA:63,8
DA:64,8
DA:65,8
DA:69,12
DA:70,10
DA:71,10
DA:74,12
LF:29
LH:29
BRDA:45,0,0,4
BRDA:46,1,0,1
BRDA:46,1,1,1
BRDA:46,1,2,1
BRDA:46,1,3,1
BRDA:46,1,4,0
BRDA:46,1,5,4
BRDA:69,2,0,10
BRDA:69,2,1,2
BRDA:69,3,0,12
BRDA:69,3,1,6
BRF:11
BRH:10
end_of_record
TN:
SF:/Users/frankgairal/Sites/0FRANK0/webpack-stack/src/app/components/Calculator/index.js
FNF:0
FNH:0
LF:0
LH:0
BRF:0
BRH:0
end_of_record
TN:
SF:/Users/frankgairal/Sites/0FRANK0/webpack-stack/src/app/core/AbstractComponent.js
FN:2,(anonymous_0)
FN:7,(anonymous_1)
FN:26,(anonymous_2)
FN:27,(anonymous_3)
FN:35,(anonymous_4)
FN:37,(anonymous_5)
FNF:6
FNH:6
FNDA:8,(anonymous_0)
FNDA:11,(anonymous_1)
FNDA:9,(anonymous_2)
FNDA:9,(anonymous_3)
FNDA:7,(anonymous_4)
FNDA:3,(anonymous_5)
DA:3,8
DA:4,8
DA:8,11
DA:10,10
DA:11,10
DA:14,9
DA:15,9
DA:17,7
DA:27,9
DA:28,9
DA:30,9
DA:31,9
DA:36,7
DA:37,7
DA:38,7
LF:15
LH:15
BRDA:8,0,0,1
BRDA:8,0,1,10
BRDA:11,1,0,1
BRDA:11,1,1,9
BRDA:15,2,0,2
BRDA:15,2,1,7
BRDA:28,3,0,3
BRDA:28,3,1,6
BRDA:30,4,0,2
BRDA:30,4,1,7
BRF:10
BRH:10
end_of_record
TN:
SF:/Users/frankgairal/Sites/0FRANK0/webpack-stack/src/app/core/GLOBALS.js
FNF:0
FNH:0
LF:0
LH:0
BRDA:4,0,0,0
BRDA:4,0,1,1
BRF:2
BRH:1
end_of_record
TN:
SF:/Users/frankgairal/Sites/0FRANK0/webpack-stack/src/app/core/Logger.js
FN:2,(anonymous_0)
FN:6,(anonymous_1)
FN:15,(anonymous_2)
FN:20,(anonymous_3)
FN:28,(anonymous_4)
FN:37,(anonymous_5)
FN:46,(anonymous_6)
FN:57,(anonymous_7)
FNF:8
FNH:8
FNDA:4,(anonymous_0)
FNDA:24,(anonymous_1)
FNDA:19,(anonymous_2)
FNDA:4,(anonymous_3)
FNDA:4,(anonymous_4)
FNDA:4,(anonymous_5)
FNDA:7,(anonymous_6)
FNDA:2,(anonymous_7)
DA:3,4
DA:7,24
DA:16,19
DA:21,4
DA:22,1
DA:23,1
DA:25,3
DA:29,4
DA:30,2
DA:31,0
DA:32,2
DA:34,2
DA:38,4
DA:39,3
DA:40,0
DA:41,3
DA:43,1
DA:47,7
DA:48,7
DA:49,0
DA:50,7
DA:52,0
DA:58,2
LF:23
LH:19
BRDA:3,0,0,4
BRDA:3,0,1,0
BRDA:21,1,0,1
BRDA:21,1,1,3
BRDA:29,2,0,2
BRDA:29,2,1,2
BRDA:30,3,0,2
BRDA:30,3,1,0
BRDA:38,4,0,3
BRDA:38,4,1,1
BRDA:39,5,0,3
BRDA:39,5,1,0
BRDA:47,6,0,7
BRDA:47,6,1,0
BRDA:48,7,0,7
BRDA:48,7,1,0
BRF:16
BRH:11
end_of_record
